<?xml version="1.0" encoding="utf-8"?><testsuites><testsuite name="pytest" errors="0" failures="0" skipped="0" tests="7" time="0.023" timestamp="2026-04-01T01:17:51.914818+02:00" hostname="n2"><testcase classname="openmmdl.tests.cli.test_cli" name="test_main_without_args_prints_help_and_returns_0" time="0.001" /><testcase classname="openmmdl.tests.cli.test_cli" name="test_unknown_command_returns_2_and_prints_help" time="0.001" /><testcase classname="openmmdl.tests.cli.test_cli" name="test_version_flag_prints_version_and_returns_0" time="0.000" /><testcase classname="openmmdl.tests.cli.test_cli" name="test_top_level_help_alias_returns_0" time="0.001" /><testcase classname="openmmdl.tests.cli.test_cli" name="test_analysis_command_forwards_arguments_to_analysis_entrypoint" time="0.000" /><testcase classname="openmmdl.tests.cli.test_cli" name="test_command_help_alias_is_forwarded_to_subcommand" time="0.000" /><testcase classname="openmmdl.tests.cli.test_cli" name="test_systemexit_from_subcommand_is_converted_to_return_code" time="0.000" /></testsuite></testsuites>