<?xml version="1.0" encoding="utf-8"?><testsuites><testsuite name="pytest" errors="0" failures="0" skipped="0" tests="5" time="0.022" timestamp="2026-04-01T01:18:04.023774+02:00" hostname="n2"><testcase classname="openmmdl.tests.utils.test_logging" name="test_setup_logging_creates_both_log_files_and_writes_openmmdl_messages" time="0.001" /><testcase classname="openmmdl.tests.utils.test_logging" name="test_dependency_info_is_hidden_from_console_and_normal_log_but_kept_in_verbose_log" time="0.001" /><testcase classname="openmmdl.tests.utils.test_logging" name="test_verbose_mode_shows_debug_and_logger_name_in_console" time="0.000" /><testcase classname="openmmdl.tests.utils.test_logging" name="test_normal_mode_hides_openmmdl_debug_from_console_and_normal_log_but_keeps_it_in_verbose_log" time="0.000" /><testcase classname="openmmdl.tests.utils.test_logging" name="test_custom_log_prefix_changes_output_filenames" time="0.000" /></testsuite></testsuites>